[0.076s] DEBUG:colcon:Command line arguments: ['/usr/bin/colcon', 'build', '--symlink-install']
[0.076s] DEBUG:colcon:Parsed command line arguments: Namespace(log_base=None, log_level=None, verb_name='build', build_base='build', install_base='install', merge_install=False, symlink_install=True, test_result_base=None, continue_on_error=False, executor='parallel', parallel_workers=16, event_handlers=None, ignore_user_meta=False, metas=['./colcon.meta'], base_paths=['.'], packages_ignore=None, packages_ignore_regex=None, paths=None, packages_up_to=None, packages_up_to_regex=None, packages_above=None, packages_above_and_dependencies=None, packages_above_depth=None, packages_select_by_dep=None, packages_skip_by_dep=None, packages_skip_up_to=None, packages_select_build_failed=False, packages_skip_build_finished=False, packages_select_test_failures=False, packages_skip_test_passed=False, packages_select=None, packages_skip=None, packages_select_regex=None, packages_skip_regex=None, packages_start=None, packages_end=None, allow_overriding=[], cmake_args=None, cmake_target=None, cmake_target_skip_unavailable=False, cmake_clean_cache=False, cmake_clean_first=False, cmake_force_configure=False, ament_cmake_args=None, catkin_cmake_args=None, catkin_skip_building_tests=False, mixin_files=None, mixin=None, verb_parser=<colcon_mixin.mixin.mixin_argument.MixinArgumentDecorator object at 0x71bad87db7c0>, verb_extension=<colcon_core.verb.build.BuildVerb object at 0x71bad893fe20>, main=<bound method BuildVerb.main of <colcon_core.verb.build.BuildVerb object at 0x71bad893fe20>>, mixin_verb=('build',))
[0.181s] Level 1:colcon.colcon_core.package_discovery:discover_packages(colcon_meta) check parameters
[0.181s] Level 1:colcon.colcon_core.package_discovery:discover_packages(recursive) check parameters
[0.181s] Level 1:colcon.colcon_core.package_discovery:discover_packages(ignore) check parameters
[0.181s] Level 1:colcon.colcon_core.package_discovery:discover_packages(path) check parameters
[0.182s] Level 1:colcon.colcon_core.package_discovery:discover_packages(colcon_meta) discover
[0.182s] Level 1:colcon.colcon_core.package_discovery:discover_packages(recursive) discover
[0.182s] INFO:colcon.colcon_core.package_discovery:Crawling recursively for packages in '/home/ubersmurf/ros2_ws'
[0.182s] Level 1:colcon.colcon_core.package_identification:_identify(.) by extensions ['ignore', 'ignore_ament_install']
[0.182s] Level 1:colcon.colcon_core.package_identification:_identify(.) by extension 'ignore'
[0.182s] Level 1:colcon.colcon_core.package_identification:_identify(.) by extension 'ignore_ament_install'
[0.182s] Level 1:colcon.colcon_core.package_identification:_identify(.) by extensions ['colcon_pkg']
[0.182s] Level 1:colcon.colcon_core.package_identification:_identify(.) by extension 'colcon_pkg'
[0.182s] Level 1:colcon.colcon_core.package_identification:_identify(.) by extensions ['colcon_meta']
[0.182s] Level 1:colcon.colcon_core.package_identification:_identify(.) by extension 'colcon_meta'
[0.182s] Level 1:colcon.colcon_core.package_identification:_identify(.) by extensions ['ros']
[0.182s] Level 1:colcon.colcon_core.package_identification:_identify(.) by extension 'ros'
[0.189s] Level 1:colcon.colcon_core.package_identification:_identify(.) by extensions ['cmake', 'python']
[0.190s] Level 1:colcon.colcon_core.package_identification:_identify(.) by extension 'cmake'
[0.190s] Level 1:colcon.colcon_core.package_identification:_identify(.) by extension 'python'
[0.190s] Level 1:colcon.colcon_core.package_identification:_identify(.) by extensions ['python_setup_py']
[0.190s] Level 1:colcon.colcon_core.package_identification:_identify(.) by extension 'python_setup_py'
[0.190s] Level 1:colcon.colcon_core.package_identification:_identify(build) by extensions ['ignore', 'ignore_ament_install']
[0.190s] Level 1:colcon.colcon_core.package_identification:_identify(build) by extension 'ignore'
[0.190s] Level 1:colcon.colcon_core.package_identification:_identify(build) ignored
[0.190s] Level 1:colcon.colcon_core.package_identification:_identify(install) by extensions ['ignore', 'ignore_ament_install']
[0.190s] Level 1:colcon.colcon_core.package_identification:_identify(install) by extension 'ignore'
[0.190s] Level 1:colcon.colcon_core.package_identification:_identify(install) ignored
[0.190s] Level 1:colcon.colcon_core.package_identification:_identify(log) by extensions ['ignore', 'ignore_ament_install']
[0.190s] Level 1:colcon.colcon_core.package_identification:_identify(log) by extension 'ignore'
[0.190s] Level 1:colcon.colcon_core.package_identification:_identify(log) ignored
[0.190s] Level 1:colcon.colcon_core.package_identification:_identify(src) by extensions ['ignore', 'ignore_ament_install']
[0.190s] Level 1:colcon.colcon_core.package_identification:_identify(src) by extension 'ignore'
[0.190s] Level 1:colcon.colcon_core.package_identification:_identify(src) by extension 'ignore_ament_install'
[0.190s] Level 1:colcon.colcon_core.package_identification:_identify(src) by extensions ['colcon_pkg']
[0.190s] Level 1:colcon.colcon_core.package_identification:_identify(src) by extension 'colcon_pkg'
[0.190s] Level 1:colcon.colcon_core.package_identification:_identify(src) by extensions ['colcon_meta']
[0.190s] Level 1:colcon.colcon_core.package_identification:_identify(src) by extension 'colcon_meta'
[0.190s] Level 1:colcon.colcon_core.package_identification:_identify(src) by extensions ['ros']
[0.190s] Level 1:colcon.colcon_core.package_identification:_identify(src) by extension 'ros'
[0.190s] Level 1:colcon.colcon_core.package_identification:_identify(src) by extensions ['cmake', 'python']
[0.190s] Level 1:colcon.colcon_core.package_identification:_identify(src) by extension 'cmake'
[0.190s] Level 1:colcon.colcon_core.package_identification:_identify(src) by extension 'python'
[0.190s] Level 1:colcon.colcon_core.package_identification:_identify(src) by extensions ['python_setup_py']
[0.190s] Level 1:colcon.colcon_core.package_identification:_identify(src) by extension 'python_setup_py'
[0.190s] Level 1:colcon.colcon_core.package_identification:_identify(src/micro-ROS-Agent) by extensions ['ignore', 'ignore_ament_install']
[0.190s] Level 1:colcon.colcon_core.package_identification:_identify(src/micro-ROS-Agent) by extension 'ignore'
[0.191s] Level 1:colcon.colcon_core.package_identification:_identify(src/micro-ROS-Agent) by extension 'ignore_ament_install'
[0.191s] Level 1:colcon.colcon_core.package_identification:_identify(src/micro-ROS-Agent) by extensions ['colcon_pkg']
[0.191s] Level 1:colcon.colcon_core.package_identification:_identify(src/micro-ROS-Agent) by extension 'colcon_pkg'
[0.191s] Level 1:colcon.colcon_core.package_identification:_identify(src/micro-ROS-Agent) by extensions ['colcon_meta']
[0.191s] Level 1:colcon.colcon_core.package_identification:_identify(src/micro-ROS-Agent) by extension 'colcon_meta'
[0.191s] Level 1:colcon.colcon_core.package_identification:_identify(src/micro-ROS-Agent) by extensions ['ros']
[0.191s] Level 1:colcon.colcon_core.package_identification:_identify(src/micro-ROS-Agent) by extension 'ros'
[0.191s] Level 1:colcon.colcon_core.package_identification:_identify(src/micro-ROS-Agent) by extensions ['cmake', 'python']
[0.191s] Level 1:colcon.colcon_core.package_identification:_identify(src/micro-ROS-Agent) by extension 'cmake'
[0.191s] Level 1:colcon.colcon_core.package_identification:_identify(src/micro-ROS-Agent) by extension 'python'
[0.191s] Level 1:colcon.colcon_core.package_identification:_identify(src/micro-ROS-Agent) by extensions ['python_setup_py']
[0.191s] Level 1:colcon.colcon_core.package_identification:_identify(src/micro-ROS-Agent) by extension 'python_setup_py'
[0.191s] Level 1:colcon.colcon_core.package_identification:_identify(src/micro-ROS-Agent/micro_ros_agent) by extensions ['ignore', 'ignore_ament_install']
[0.191s] Level 1:colcon.colcon_core.package_identification:_identify(src/micro-ROS-Agent/micro_ros_agent) by extension 'ignore'
[0.191s] Level 1:colcon.colcon_core.package_identification:_identify(src/micro-ROS-Agent/micro_ros_agent) by extension 'ignore_ament_install'
[0.191s] Level 1:colcon.colcon_core.package_identification:_identify(src/micro-ROS-Agent/micro_ros_agent) by extensions ['colcon_pkg']
[0.191s] Level 1:colcon.colcon_core.package_identification:_identify(src/micro-ROS-Agent/micro_ros_agent) by extension 'colcon_pkg'
[0.191s] Level 1:colcon.colcon_core.package_identification:_identify(src/micro-ROS-Agent/micro_ros_agent) by extensions ['colcon_meta']
[0.191s] Level 1:colcon.colcon_core.package_identification:_identify(src/micro-ROS-Agent/micro_ros_agent) by extension 'colcon_meta'
[0.191s] Level 1:colcon.colcon_core.package_identification:_identify(src/micro-ROS-Agent/micro_ros_agent) by extensions ['ros']
[0.191s] Level 1:colcon.colcon_core.package_identification:_identify(src/micro-ROS-Agent/micro_ros_agent) by extension 'ros'
[0.193s] DEBUG:colcon.colcon_core.package_identification:Package 'src/micro-ROS-Agent/micro_ros_agent' with type 'ros.ament_cmake' and name 'micro_ros_agent'
[0.193s] Level 1:colcon.colcon_core.package_identification:_identify(src/micro-ROS-Agent/snap) by extensions ['ignore', 'ignore_ament_install']
[0.193s] Level 1:colcon.colcon_core.package_identification:_identify(src/micro-ROS-Agent/snap) by extension 'ignore'
[0.193s] Level 1:colcon.colcon_core.package_identification:_identify(src/micro-ROS-Agent/snap) by extension 'ignore_ament_install'
[0.193s] Level 1:colcon.colcon_core.package_identification:_identify(src/micro-ROS-Agent/snap) by extensions ['colcon_pkg']
[0.193s] Level 1:colcon.colcon_core.package_identification:_identify(src/micro-ROS-Agent/snap) by extension 'colcon_pkg'
[0.193s] Level 1:colcon.colcon_core.package_identification:_identify(src/micro-ROS-Agent/snap) by extensions ['colcon_meta']
[0.193s] Level 1:colcon.colcon_core.package_identification:_identify(src/micro-ROS-Agent/snap) by extension 'colcon_meta'
[0.193s] Level 1:colcon.colcon_core.package_identification:_identify(src/micro-ROS-Agent/snap) by extensions ['ros']
[0.193s] Level 1:colcon.colcon_core.package_identification:_identify(src/micro-ROS-Agent/snap) by extension 'ros'
[0.193s] Level 1:colcon.colcon_core.package_identification:_identify(src/micro-ROS-Agent/snap) by extensions ['cmake', 'python']
[0.193s] Level 1:colcon.colcon_core.package_identification:_identify(src/micro-ROS-Agent/snap) by extension 'cmake'
[0.193s] Level 1:colcon.colcon_core.package_identification:_identify(src/micro-ROS-Agent/snap) by extension 'python'
[0.193s] Level 1:colcon.colcon_core.package_identification:_identify(src/micro-ROS-Agent/snap) by extensions ['python_setup_py']
[0.193s] Level 1:colcon.colcon_core.package_identification:_identify(src/micro-ROS-Agent/snap) by extension 'python_setup_py'
[0.193s] Level 1:colcon.colcon_core.package_identification:_identify(src/micro-ROS-Agent/snap/hooks) by extensions ['ignore', 'ignore_ament_install']
[0.193s] Level 1:colcon.colcon_core.package_identification:_identify(src/micro-ROS-Agent/snap/hooks) by extension 'ignore'
[0.193s] Level 1:colcon.colcon_core.package_identification:_identify(src/micro-ROS-Agent/snap/hooks) by extension 'ignore_ament_install'
[0.193s] Level 1:colcon.colcon_core.package_identification:_identify(src/micro-ROS-Agent/snap/hooks) by extensions ['colcon_pkg']
[0.193s] Level 1:colcon.colcon_core.package_identification:_identify(src/micro-ROS-Agent/snap/hooks) by extension 'colcon_pkg'
[0.194s] Level 1:colcon.colcon_core.package_identification:_identify(src/micro-ROS-Agent/snap/hooks) by extensions ['colcon_meta']
[0.194s] Level 1:colcon.colcon_core.package_identification:_identify(src/micro-ROS-Agent/snap/hooks) by extension 'colcon_meta'
[0.194s] Level 1:colcon.colcon_core.package_identification:_identify(src/micro-ROS-Agent/snap/hooks) by extensions ['ros']
[0.194s] Level 1:colcon.colcon_core.package_identification:_identify(src/micro-ROS-Agent/snap/hooks) by extension 'ros'
[0.194s] Level 1:colcon.colcon_core.package_identification:_identify(src/micro-ROS-Agent/snap/hooks) by extensions ['cmake', 'python']
[0.194s] Level 1:colcon.colcon_core.package_identification:_identify(src/micro-ROS-Agent/snap/hooks) by extension 'cmake'
[0.194s] Level 1:colcon.colcon_core.package_identification:_identify(src/micro-ROS-Agent/snap/hooks) by extension 'python'
[0.194s] Level 1:colcon.colcon_core.package_identification:_identify(src/micro-ROS-Agent/snap/hooks) by extensions ['python_setup_py']
[0.194s] Level 1:colcon.colcon_core.package_identification:_identify(src/micro-ROS-Agent/snap/hooks) by extension 'python_setup_py'
[0.194s] Level 1:colcon.colcon_core.package_identification:_identify(src/micro-ROS-Agent/snap/local) by extensions ['ignore', 'ignore_ament_install']
[0.194s] Level 1:colcon.colcon_core.package_identification:_identify(src/micro-ROS-Agent/snap/local) by extension 'ignore'
[0.194s] Level 1:colcon.colcon_core.package_identification:_identify(src/micro-ROS-Agent/snap/local) by extension 'ignore_ament_install'
[0.194s] Level 1:colcon.colcon_core.package_identification:_identify(src/micro-ROS-Agent/snap/local) by extensions ['colcon_pkg']
[0.194s] Level 1:colcon.colcon_core.package_identification:_identify(src/micro-ROS-Agent/snap/local) by extension 'colcon_pkg'
[0.194s] Level 1:colcon.colcon_core.package_identification:_identify(src/micro-ROS-Agent/snap/local) by extensions ['colcon_meta']
[0.194s] Level 1:colcon.colcon_core.package_identification:_identify(src/micro-ROS-Agent/snap/local) by extension 'colcon_meta'
[0.194s] Level 1:colcon.colcon_core.package_identification:_identify(src/micro-ROS-Agent/snap/local) by extensions ['ros']
[0.194s] Level 1:colcon.colcon_core.package_identification:_identify(src/micro-ROS-Agent/snap/local) by extension 'ros'
[0.194s] Level 1:colcon.colcon_core.package_identification:_identify(src/micro-ROS-Agent/snap/local) by extensions ['cmake', 'python']
[0.194s] Level 1:colcon.colcon_core.package_identification:_identify(src/micro-ROS-Agent/snap/local) by extension 'cmake'
[0.194s] Level 1:colcon.colcon_core.package_identification:_identify(src/micro-ROS-Agent/snap/local) by extension 'python'
[0.194s] Level 1:colcon.colcon_core.package_identification:_identify(src/micro-ROS-Agent/snap/local) by extensions ['python_setup_py']
[0.194s] Level 1:colcon.colcon_core.package_identification:_identify(src/micro-ROS-Agent/snap/local) by extension 'python_setup_py'
[0.194s] Level 1:colcon.colcon_core.package_identification:_identify(src/streamer) by extensions ['ignore', 'ignore_ament_install']
[0.194s] Level 1:colcon.colcon_core.package_identification:_identify(src/streamer) by extension 'ignore'
[0.194s] Level 1:colcon.colcon_core.package_identification:_identify(src/streamer) by extension 'ignore_ament_install'
[0.194s] Level 1:colcon.colcon_core.package_identification:_identify(src/streamer) by extensions ['colcon_pkg']
[0.194s] Level 1:colcon.colcon_core.package_identification:_identify(src/streamer) by extension 'colcon_pkg'
[0.194s] Level 1:colcon.colcon_core.package_identification:_identify(src/streamer) by extensions ['colcon_meta']
[0.194s] Level 1:colcon.colcon_core.package_identification:_identify(src/streamer) by extension 'colcon_meta'
[0.194s] Level 1:colcon.colcon_core.package_identification:_identify(src/streamer) by extensions ['ros']
[0.194s] Level 1:colcon.colcon_core.package_identification:_identify(src/streamer) by extension 'ros'
[0.195s] DEBUG:colcon.colcon_core.package_identification:Package 'src/streamer' with type 'ros.ament_cmake' and name 'streamer'
[0.195s] Level 1:colcon.colcon_core.package_discovery:discover_packages(recursive) using defaults
[0.195s] Level 1:colcon.colcon_core.package_discovery:discover_packages(ignore) discover
[0.195s] Level 1:colcon.colcon_core.package_discovery:discover_packages(ignore) using defaults
[0.195s] Level 1:colcon.colcon_core.package_discovery:discover_packages(path) discover
[0.195s] Level 1:colcon.colcon_core.package_discovery:discover_packages(path) using defaults
[0.217s] Level 1:colcon.colcon_core.package_discovery:discover_packages(prefix_path) check parameters
[0.217s] Level 1:colcon.colcon_core.package_discovery:discover_packages(prefix_path) discover
[0.223s] WARNING:colcon.colcon_ros.prefix_path.ament:The path '/home/ubersmurf/ros2_ws/install/turt' in the environment variable AMENT_PREFIX_PATH doesn't exist
[0.223s] WARNING:colcon.colcon_ros.prefix_path.ament:The path '/home/ubersmurf/ros2_ws/install/streamer' in the environment variable AMENT_PREFIX_PATH doesn't exist
[0.223s] WARNING:colcon.colcon_ros.prefix_path.ament:The path '/home/ubersmurf/ros2_ws/install/my_robot_controller' in the environment variable AMENT_PREFIX_PATH doesn't exist
[0.223s] WARNING:colcon.colcon_ros.prefix_path.ament:The path '/home/ubersmurf/ros2_ws/install/micro_ros_agent' in the environment variable AMENT_PREFIX_PATH doesn't exist
[0.223s] WARNING:colcon.colcon_ros.prefix_path.catkin:The path '/home/ubersmurf/ros2_ws/install/turt' in the environment variable CMAKE_PREFIX_PATH doesn't exist
[0.223s] WARNING:colcon.colcon_ros.prefix_path.catkin:The path '/home/ubersmurf/ros2_ws/install/streamer' in the environment variable CMAKE_PREFIX_PATH doesn't exist
[0.223s] WARNING:colcon.colcon_ros.prefix_path.catkin:The path '/home/ubersmurf/ros2_ws/install/micro_ros_agent' in the environment variable CMAKE_PREFIX_PATH doesn't exist
[0.228s] DEBUG:colcon.colcon_installed_package_information.package_discovery:Found 0 installed packages in /home/ubersmurf/ros2_ws/install
[0.229s] DEBUG:colcon.colcon_installed_package_information.package_discovery:Found 326 installed packages in /opt/ros/humble
[0.230s] Level 1:colcon.colcon_core.package_discovery:discover_packages(prefix_path) using defaults
[0.265s] Level 5:colcon.colcon_core.verb:set package 'micro_ros_agent' build argument 'cmake_args' from command line to 'None'
[0.265s] Level 5:colcon.colcon_core.verb:set package 'micro_ros_agent' build argument 'cmake_target' from command line to 'None'
[0.265s] Level 5:colcon.colcon_core.verb:set package 'micro_ros_agent' build argument 'cmake_target_skip_unavailable' from command line to 'False'
[0.265s] Level 5:colcon.colcon_core.verb:set package 'micro_ros_agent' build argument 'cmake_clean_cache' from command line to 'False'
[0.265s] Level 5:colcon.colcon_core.verb:set package 'micro_ros_agent' build argument 'cmake_clean_first' from command line to 'False'
[0.265s] Level 5:colcon.colcon_core.verb:set package 'micro_ros_agent' build argument 'cmake_force_configure' from command line to 'False'
[0.265s] Level 5:colcon.colcon_core.verb:set package 'micro_ros_agent' build argument 'ament_cmake_args' from command line to 'None'
[0.265s] Level 5:colcon.colcon_core.verb:set package 'micro_ros_agent' build argument 'catkin_cmake_args' from command line to 'None'
[0.265s] Level 5:colcon.colcon_core.verb:set package 'micro_ros_agent' build argument 'catkin_skip_building_tests' from command line to 'False'
[0.265s] DEBUG:colcon.colcon_core.verb:Building package 'micro_ros_agent' with the following arguments: {'ament_cmake_args': None, 'build_base': '/home/ubersmurf/ros2_ws/build/micro_ros_agent', 'catkin_cmake_args': None, 'catkin_skip_building_tests': False, 'cmake_args': None, 'cmake_clean_cache': False, 'cmake_clean_first': False, 'cmake_force_configure': False, 'cmake_target': None, 'cmake_target_skip_unavailable': False, 'install_base': '/home/ubersmurf/ros2_ws/install/micro_ros_agent', 'merge_install': False, 'path': '/home/ubersmurf/ros2_ws/src/micro-ROS-Agent/micro_ros_agent', 'symlink_install': True, 'test_result_base': None}
[0.265s] Level 5:colcon.colcon_core.verb:set package 'streamer' build argument 'cmake_args' from command line to 'None'
[0.265s] Level 5:colcon.colcon_core.verb:set package 'streamer' build argument 'cmake_target' from command line to 'None'
[0.265s] Level 5:colcon.colcon_core.verb:set package 'streamer' build argument 'cmake_target_skip_unavailable' from command line to 'False'
[0.265s] Level 5:colcon.colcon_core.verb:set package 'streamer' build argument 'cmake_clean_cache' from command line to 'False'
[0.265s] Level 5:colcon.colcon_core.verb:set package 'streamer' build argument 'cmake_clean_first' from command line to 'False'
[0.265s] Level 5:colcon.colcon_core.verb:set package 'streamer' build argument 'cmake_force_configure' from command line to 'False'
[0.265s] Level 5:colcon.colcon_core.verb:set package 'streamer' build argument 'ament_cmake_args' from command line to 'None'
[0.265s] Level 5:colcon.colcon_core.verb:set package 'streamer' build argument 'catkin_cmake_args' from command line to 'None'
[0.265s] Level 5:colcon.colcon_core.verb:set package 'streamer' build argument 'catkin_skip_building_tests' from command line to 'False'
[0.265s] DEBUG:colcon.colcon_core.verb:Building package 'streamer' with the following arguments: {'ament_cmake_args': None, 'build_base': '/home/ubersmurf/ros2_ws/build/streamer', 'catkin_cmake_args': None, 'catkin_skip_building_tests': False, 'cmake_args': None, 'cmake_clean_cache': False, 'cmake_clean_first': False, 'cmake_force_configure': False, 'cmake_target': None, 'cmake_target_skip_unavailable': False, 'install_base': '/home/ubersmurf/ros2_ws/install/streamer', 'merge_install': False, 'path': '/home/ubersmurf/ros2_ws/src/streamer', 'symlink_install': True, 'test_result_base': None}
[0.265s] INFO:colcon.colcon_core.executor:Executing jobs using 'parallel' executor
[0.266s] DEBUG:colcon.colcon_parallel_executor.executor.parallel:run_until_complete
[0.266s] INFO:colcon.colcon_ros.task.ament_cmake.build:Building ROS package in '/home/ubersmurf/ros2_ws/src/micro-ROS-Agent/micro_ros_agent' with build type 'ament_cmake'
[0.266s] INFO:colcon.colcon_cmake.task.cmake.build:Building CMake package in '/home/ubersmurf/ros2_ws/src/micro-ROS-Agent/micro_ros_agent'
[0.268s] INFO:colcon.colcon_core.plugin_system:Skipping extension 'colcon_core.shell.bat': Not used on non-Windows systems
[0.269s] INFO:colcon.colcon_core.shell:Skip shell extension 'powershell' for command environment: Not usable outside of PowerShell
[0.269s] DEBUG:colcon.colcon_core.shell:Skip shell extension 'dsv' for command environment
[0.271s] INFO:colcon.colcon_ros.task.ament_cmake.build:Building ROS package in '/home/ubersmurf/ros2_ws/src/streamer' with build type 'ament_cmake'
[0.271s] INFO:colcon.colcon_cmake.task.cmake.build:Building CMake package in '/home/ubersmurf/ros2_ws/src/streamer'
[0.271s] INFO:colcon.colcon_core.shell:Skip shell extension 'powershell' for command environment: Not usable outside of PowerShell
[0.271s] DEBUG:colcon.colcon_core.shell:Skip shell extension 'dsv' for command environment
[0.275s] DEBUG:colcon.colcon_core.event_handler.log_command:Invoking command in '/home/ubersmurf/ros2_ws/build/micro_ros_agent': CMAKE_PREFIX_PATH=${CMAKE_PREFIX_PATH}:/home/ubersmurf/ros2_ws/install/my_robot_controller /home/ubersmurf/Qt/Tools/CMake/bin/cmake /home/ubersmurf/ros2_ws/src/micro-ROS-Agent/micro_ros_agent -DAMENT_CMAKE_SYMLINK_INSTALL=1 -DCMAKE_INSTALL_PREFIX=/home/ubersmurf/ros2_ws/install/micro_ros_agent
[0.278s] DEBUG:colcon.colcon_core.event_handler.log_command:Invoking command in '/home/ubersmurf/ros2_ws/build/streamer': CMAKE_PREFIX_PATH=${CMAKE_PREFIX_PATH}:/home/ubersmurf/ros2_ws/install/my_robot_controller /home/ubersmurf/Qt/Tools/CMake/bin/cmake /home/ubersmurf/ros2_ws/src/streamer -DAMENT_CMAKE_SYMLINK_INSTALL=1 -DCMAKE_INSTALL_PREFIX=/home/ubersmurf/ros2_ws/install/streamer
[0.570s] DEBUG:colcon.colcon_core.event_handler.log_command:Invoked command in '/home/ubersmurf/ros2_ws/build/micro_ros_agent' returned '0': CMAKE_PREFIX_PATH=${CMAKE_PREFIX_PATH}:/home/ubersmurf/ros2_ws/install/my_robot_controller /home/ubersmurf/Qt/Tools/CMake/bin/cmake /home/ubersmurf/ros2_ws/src/micro-ROS-Agent/micro_ros_agent -DAMENT_CMAKE_SYMLINK_INSTALL=1 -DCMAKE_INSTALL_PREFIX=/home/ubersmurf/ros2_ws/install/micro_ros_agent
[0.572s] DEBUG:colcon.colcon_core.event_handler.log_command:Invoking command in '/home/ubersmurf/ros2_ws/build/micro_ros_agent': CMAKE_PREFIX_PATH=${CMAKE_PREFIX_PATH}:/home/ubersmurf/ros2_ws/install/my_robot_controller /home/ubersmurf/Qt/Tools/CMake/bin/cmake --build /home/ubersmurf/ros2_ws/build/micro_ros_agent -- -j16 -l16
[1.528s] DEBUG:colcon.colcon_core.event_handler.log_command:Invoked command in '/home/ubersmurf/ros2_ws/build/streamer' returned '0': CMAKE_PREFIX_PATH=${CMAKE_PREFIX_PATH}:/home/ubersmurf/ros2_ws/install/my_robot_controller /home/ubersmurf/Qt/Tools/CMake/bin/cmake /home/ubersmurf/ros2_ws/src/streamer -DAMENT_CMAKE_SYMLINK_INSTALL=1 -DCMAKE_INSTALL_PREFIX=/home/ubersmurf/ros2_ws/install/streamer
[1.530s] DEBUG:colcon.colcon_core.event_handler.log_command:Invoking command in '/home/ubersmurf/ros2_ws/build/streamer': CMAKE_PREFIX_PATH=${CMAKE_PREFIX_PATH}:/home/ubersmurf/ros2_ws/install/my_robot_controller /home/ubersmurf/Qt/Tools/CMake/bin/cmake --build /home/ubersmurf/ros2_ws/build/streamer -- -j16 -l16
[15.329s] DEBUG:colcon.colcon_core.event_handler.log_command:Invoked command in '/home/ubersmurf/ros2_ws/build/streamer' returned '0': CMAKE_PREFIX_PATH=${CMAKE_PREFIX_PATH}:/home/ubersmurf/ros2_ws/install/my_robot_controller /home/ubersmurf/Qt/Tools/CMake/bin/cmake --build /home/ubersmurf/ros2_ws/build/streamer -- -j16 -l16
[15.431s] DEBUG:colcon.colcon_core.event_handler.log_command:Invoking command in '/home/ubersmurf/ros2_ws/build/streamer': CMAKE_PREFIX_PATH=${CMAKE_PREFIX_PATH}:/home/ubersmurf/ros2_ws/install/my_robot_controller /home/ubersmurf/Qt/Tools/CMake/bin/cmake --install /home/ubersmurf/ros2_ws/build/streamer
[15.547s] Level 1:colcon.colcon_core.environment:create_environment_scripts_only(streamer)
[15.548s] DEBUG:colcon.colcon_core.event_handler.log_command:Invoked command in '/home/ubersmurf/ros2_ws/build/streamer' returned '0': CMAKE_PREFIX_PATH=${CMAKE_PREFIX_PATH}:/home/ubersmurf/ros2_ws/install/my_robot_controller /home/ubersmurf/Qt/Tools/CMake/bin/cmake --install /home/ubersmurf/ros2_ws/build/streamer
[15.563s] Level 1:colcon.colcon_core.environment:checking '/home/ubersmurf/ros2_ws/install/streamer' for CMake module files
[15.564s] Level 1:colcon.colcon_core.environment:checking '/home/ubersmurf/ros2_ws/install/streamer' for CMake config files
[15.564s] Level 1:colcon.colcon_core.shell:create_environment_hook('streamer', 'cmake_prefix_path')
[15.564s] INFO:colcon.colcon_core.shell:Creating environment hook '/home/ubersmurf/ros2_ws/install/streamer/share/streamer/hook/cmake_prefix_path.ps1'
[15.572s] INFO:colcon.colcon_core.shell:Creating environment descriptor '/home/ubersmurf/ros2_ws/install/streamer/share/streamer/hook/cmake_prefix_path.dsv'
[15.573s] INFO:colcon.colcon_core.shell:Creating environment hook '/home/ubersmurf/ros2_ws/install/streamer/share/streamer/hook/cmake_prefix_path.sh'
[15.577s] Level 1:colcon.colcon_core.environment:checking '/home/ubersmurf/ros2_ws/install/streamer/lib'
[15.578s] Level 1:colcon.colcon_core.environment:checking '/home/ubersmurf/ros2_ws/install/streamer/bin'
[15.578s] Level 1:colcon.colcon_core.environment:checking '/home/ubersmurf/ros2_ws/install/streamer/lib/pkgconfig/streamer.pc'
[15.578s] Level 1:colcon.colcon_core.environment:checking '/home/ubersmurf/ros2_ws/install/streamer/lib/python3.10/site-packages'
[15.579s] Level 1:colcon.colcon_core.environment:checking '/home/ubersmurf/ros2_ws/install/streamer/bin'
[15.579s] INFO:colcon.colcon_core.shell:Creating package script '/home/ubersmurf/ros2_ws/install/streamer/share/streamer/package.ps1'
[15.585s] INFO:colcon.colcon_core.shell:Creating package descriptor '/home/ubersmurf/ros2_ws/install/streamer/share/streamer/package.dsv'
[15.586s] INFO:colcon.colcon_core.shell:Creating package script '/home/ubersmurf/ros2_ws/install/streamer/share/streamer/package.sh'
[15.587s] INFO:colcon.colcon_core.shell:Creating package script '/home/ubersmurf/ros2_ws/install/streamer/share/streamer/package.bash'
[15.592s] INFO:colcon.colcon_core.shell:Creating package script '/home/ubersmurf/ros2_ws/install/streamer/share/streamer/package.zsh'
[15.593s] Level 1:colcon.colcon_core.environment:create_file_with_runtime_dependencies(/home/ubersmurf/ros2_ws/install/streamer/share/colcon-core/packages/streamer)
[15.640s] Level 1:colcon.colcon_core.environment:create_environment_scripts_only(streamer)
[15.640s] Level 1:colcon.colcon_core.environment:checking '/home/ubersmurf/ros2_ws/install/streamer' for CMake module files
[15.641s] Level 1:colcon.colcon_core.environment:checking '/home/ubersmurf/ros2_ws/install/streamer' for CMake config files
[15.641s] Level 1:colcon.colcon_core.shell:create_environment_hook('streamer', 'cmake_prefix_path')
[15.642s] INFO:colcon.colcon_core.shell:Creating environment hook '/home/ubersmurf/ros2_ws/install/streamer/share/streamer/hook/cmake_prefix_path.ps1'
[15.642s] INFO:colcon.colcon_core.shell:Creating environment descriptor '/home/ubersmurf/ros2_ws/install/streamer/share/streamer/hook/cmake_prefix_path.dsv'
[15.643s] INFO:colcon.colcon_core.shell:Creating environment hook '/home/ubersmurf/ros2_ws/install/streamer/share/streamer/hook/cmake_prefix_path.sh'
[15.644s] Level 1:colcon.colcon_core.environment:checking '/home/ubersmurf/ros2_ws/install/streamer/lib'
[15.644s] Level 1:colcon.colcon_core.environment:checking '/home/ubersmurf/ros2_ws/install/streamer/bin'
[15.644s] Level 1:colcon.colcon_core.environment:checking '/home/ubersmurf/ros2_ws/install/streamer/lib/pkgconfig/streamer.pc'
[15.644s] Level 1:colcon.colcon_core.environment:checking '/home/ubersmurf/ros2_ws/install/streamer/lib/python3.10/site-packages'
[15.645s] Level 1:colcon.colcon_core.environment:checking '/home/ubersmurf/ros2_ws/install/streamer/bin'
[15.645s] INFO:colcon.colcon_core.shell:Creating package script '/home/ubersmurf/ros2_ws/install/streamer/share/streamer/package.ps1'
[15.646s] INFO:colcon.colcon_core.shell:Creating package descriptor '/home/ubersmurf/ros2_ws/install/streamer/share/streamer/package.dsv'
[15.647s] INFO:colcon.colcon_core.shell:Creating package script '/home/ubersmurf/ros2_ws/install/streamer/share/streamer/package.sh'
[15.647s] INFO:colcon.colcon_core.shell:Creating package script '/home/ubersmurf/ros2_ws/install/streamer/share/streamer/package.bash'
[15.648s] INFO:colcon.colcon_core.shell:Creating package script '/home/ubersmurf/ros2_ws/install/streamer/share/streamer/package.zsh'
[15.648s] Level 1:colcon.colcon_core.environment:create_file_with_runtime_dependencies(/home/ubersmurf/ros2_ws/install/streamer/share/colcon-core/packages/streamer)
[25.138s] DEBUG:colcon.colcon_core.event_handler.log_command:Invoked command in '/home/ubersmurf/ros2_ws/build/micro_ros_agent' returned '0': CMAKE_PREFIX_PATH=${CMAKE_PREFIX_PATH}:/home/ubersmurf/ros2_ws/install/my_robot_controller /home/ubersmurf/Qt/Tools/CMake/bin/cmake --build /home/ubersmurf/ros2_ws/build/micro_ros_agent -- -j16 -l16
[25.173s] DEBUG:colcon.colcon_core.event_handler.log_command:Invoking command in '/home/ubersmurf/ros2_ws/build/micro_ros_agent': CMAKE_PREFIX_PATH=${CMAKE_PREFIX_PATH}:/home/ubersmurf/ros2_ws/install/my_robot_controller /home/ubersmurf/Qt/Tools/CMake/bin/cmake --install /home/ubersmurf/ros2_ws/build/micro_ros_agent
[25.227s] Level 1:colcon.colcon_core.environment:create_environment_scripts_only(micro_ros_agent)
[25.227s] Level 1:colcon.colcon_core.environment:checking '/home/ubersmurf/ros2_ws/install/micro_ros_agent' for CMake module files
[25.228s] DEBUG:colcon.colcon_core.event_handler.log_command:Invoked command in '/home/ubersmurf/ros2_ws/build/micro_ros_agent' returned '0': CMAKE_PREFIX_PATH=${CMAKE_PREFIX_PATH}:/home/ubersmurf/ros2_ws/install/my_robot_controller /home/ubersmurf/Qt/Tools/CMake/bin/cmake --install /home/ubersmurf/ros2_ws/build/micro_ros_agent
[25.228s] Level 1:colcon.colcon_core.environment:checking '/home/ubersmurf/ros2_ws/install/micro_ros_agent' for CMake config files
[25.228s] Level 1:colcon.colcon_core.shell:create_environment_hook('micro_ros_agent', 'cmake_prefix_path')
[25.228s] INFO:colcon.colcon_core.shell:Creating environment hook '/home/ubersmurf/ros2_ws/install/micro_ros_agent/share/micro_ros_agent/hook/cmake_prefix_path.ps1'
[25.229s] INFO:colcon.colcon_core.shell:Creating environment descriptor '/home/ubersmurf/ros2_ws/install/micro_ros_agent/share/micro_ros_agent/hook/cmake_prefix_path.dsv'
[25.229s] INFO:colcon.colcon_core.shell:Creating environment hook '/home/ubersmurf/ros2_ws/install/micro_ros_agent/share/micro_ros_agent/hook/cmake_prefix_path.sh'
[25.230s] Level 1:colcon.colcon_core.environment:checking '/home/ubersmurf/ros2_ws/install/micro_ros_agent/lib'
[25.230s] Level 1:colcon.colcon_core.shell:create_environment_hook('micro_ros_agent', 'ld_library_path_lib')
[25.230s] INFO:colcon.colcon_core.shell:Creating environment hook '/home/ubersmurf/ros2_ws/install/micro_ros_agent/share/micro_ros_agent/hook/ld_library_path_lib.ps1'
[25.230s] INFO:colcon.colcon_core.shell:Creating environment descriptor '/home/ubersmurf/ros2_ws/install/micro_ros_agent/share/micro_ros_agent/hook/ld_library_path_lib.dsv'
[25.230s] INFO:colcon.colcon_core.shell:Creating environment hook '/home/ubersmurf/ros2_ws/install/micro_ros_agent/share/micro_ros_agent/hook/ld_library_path_lib.sh'
[25.231s] Level 1:colcon.colcon_core.environment:checking '/home/ubersmurf/ros2_ws/install/micro_ros_agent/bin'
[25.231s] Level 1:colcon.colcon_core.environment:checking '/home/ubersmurf/ros2_ws/install/micro_ros_agent/lib/pkgconfig/micro_ros_agent.pc'
[25.231s] Level 1:colcon.colcon_core.environment:checking '/home/ubersmurf/ros2_ws/install/micro_ros_agent/lib/python3.10/site-packages'
[25.231s] Level 1:colcon.colcon_core.environment:checking '/home/ubersmurf/ros2_ws/install/micro_ros_agent/bin'
[25.232s] INFO:colcon.colcon_core.shell:Creating package script '/home/ubersmurf/ros2_ws/install/micro_ros_agent/share/micro_ros_agent/package.ps1'
[25.232s] INFO:colcon.colcon_core.shell:Creating package descriptor '/home/ubersmurf/ros2_ws/install/micro_ros_agent/share/micro_ros_agent/package.dsv'
[25.232s] INFO:colcon.colcon_core.shell:Creating package script '/home/ubersmurf/ros2_ws/install/micro_ros_agent/share/micro_ros_agent/package.sh'
[25.233s] INFO:colcon.colcon_core.shell:Creating package script '/home/ubersmurf/ros2_ws/install/micro_ros_agent/share/micro_ros_agent/package.bash'
[25.233s] INFO:colcon.colcon_core.shell:Creating package script '/home/ubersmurf/ros2_ws/install/micro_ros_agent/share/micro_ros_agent/package.zsh'
[25.233s] Level 1:colcon.colcon_core.environment:create_file_with_runtime_dependencies(/home/ubersmurf/ros2_ws/install/micro_ros_agent/share/colcon-core/packages/micro_ros_agent)
[25.269s] Level 1:colcon.colcon_core.environment:create_environment_scripts_only(micro_ros_agent)
[25.269s] Level 1:colcon.colcon_core.environment:checking '/home/ubersmurf/ros2_ws/install/micro_ros_agent' for CMake module files
[25.270s] Level 1:colcon.colcon_core.environment:checking '/home/ubersmurf/ros2_ws/install/micro_ros_agent' for CMake config files
[25.270s] Level 1:colcon.colcon_core.shell:create_environment_hook('micro_ros_agent', 'cmake_prefix_path')
[25.270s] INFO:colcon.colcon_core.shell:Creating environment hook '/home/ubersmurf/ros2_ws/install/micro_ros_agent/share/micro_ros_agent/hook/cmake_prefix_path.ps1'
[25.270s] INFO:colcon.colcon_core.shell:Creating environment descriptor '/home/ubersmurf/ros2_ws/install/micro_ros_agent/share/micro_ros_agent/hook/cmake_prefix_path.dsv'
[25.271s] INFO:colcon.colcon_core.shell:Creating environment hook '/home/ubersmurf/ros2_ws/install/micro_ros_agent/share/micro_ros_agent/hook/cmake_prefix_path.sh'
[25.271s] Level 1:colcon.colcon_core.environment:checking '/home/ubersmurf/ros2_ws/install/micro_ros_agent/lib'
[25.271s] Level 1:colcon.colcon_core.shell:create_environment_hook('micro_ros_agent', 'ld_library_path_lib')
[25.271s] INFO:colcon.colcon_core.shell:Creating environment hook '/home/ubersmurf/ros2_ws/install/micro_ros_agent/share/micro_ros_agent/hook/ld_library_path_lib.ps1'
[25.271s] INFO:colcon.colcon_core.shell:Creating environment descriptor '/home/ubersmurf/ros2_ws/install/micro_ros_agent/share/micro_ros_agent/hook/ld_library_path_lib.dsv'
[25.271s] INFO:colcon.colcon_core.shell:Creating environment hook '/home/ubersmurf/ros2_ws/install/micro_ros_agent/share/micro_ros_agent/hook/ld_library_path_lib.sh'
[25.272s] Level 1:colcon.colcon_core.environment:checking '/home/ubersmurf/ros2_ws/install/micro_ros_agent/bin'
[25.272s] Level 1:colcon.colcon_core.environment:checking '/home/ubersmurf/ros2_ws/install/micro_ros_agent/lib/pkgconfig/micro_ros_agent.pc'
[25.272s] Level 1:colcon.colcon_core.environment:checking '/home/ubersmurf/ros2_ws/install/micro_ros_agent/lib/python3.10/site-packages'
[25.272s] Level 1:colcon.colcon_core.environment:checking '/home/ubersmurf/ros2_ws/install/micro_ros_agent/bin'
[25.272s] INFO:colcon.colcon_core.shell:Creating package script '/home/ubersmurf/ros2_ws/install/micro_ros_agent/share/micro_ros_agent/package.ps1'
[25.272s] INFO:colcon.colcon_core.shell:Creating package descriptor '/home/ubersmurf/ros2_ws/install/micro_ros_agent/share/micro_ros_agent/package.dsv'
[25.273s] INFO:colcon.colcon_core.shell:Creating package script '/home/ubersmurf/ros2_ws/install/micro_ros_agent/share/micro_ros_agent/package.sh'
[25.273s] INFO:colcon.colcon_core.shell:Creating package script '/home/ubersmurf/ros2_ws/install/micro_ros_agent/share/micro_ros_agent/package.bash'
[25.273s] INFO:colcon.colcon_core.shell:Creating package script '/home/ubersmurf/ros2_ws/install/micro_ros_agent/share/micro_ros_agent/package.zsh'
[25.273s] Level 1:colcon.colcon_core.environment:create_file_with_runtime_dependencies(/home/ubersmurf/ros2_ws/install/micro_ros_agent/share/colcon-core/packages/micro_ros_agent)
[25.274s] DEBUG:colcon.colcon_parallel_executor.executor.parallel:closing loop
[25.274s] DEBUG:colcon.colcon_parallel_executor.executor.parallel:loop closed
[25.274s] DEBUG:colcon.colcon_parallel_executor.executor.parallel:run_until_complete finished with '0'
[25.274s] DEBUG:colcon.colcon_core.event_reactor:joining thread
[25.280s] INFO:colcon.colcon_core.plugin_system:Skipping extension 'colcon_notification.desktop_notification.terminal_notifier': Not used on non-Darwin systems
[25.280s] INFO:colcon.colcon_core.plugin_system:Skipping extension 'colcon_notification.desktop_notification.win32': Not used on non-Windows systems
[25.280s] INFO:colcon.colcon_notification.desktop_notification:Sending desktop notification using 'notify2'
[25.305s] DEBUG:colcon.colcon_core.event_reactor:joined thread
[25.306s] INFO:colcon.colcon_core.shell:Creating prefix script '/home/ubersmurf/ros2_ws/install/local_setup.ps1'
[25.307s] INFO:colcon.colcon_core.shell:Creating prefix util module '/home/ubersmurf/ros2_ws/install/_local_setup_util_ps1.py'
[25.308s] INFO:colcon.colcon_core.shell:Creating prefix chain script '/home/ubersmurf/ros2_ws/install/setup.ps1'
[25.309s] INFO:colcon.colcon_core.shell:Creating prefix script '/home/ubersmurf/ros2_ws/install/local_setup.sh'
[25.310s] INFO:colcon.colcon_core.shell:Creating prefix util module '/home/ubersmurf/ros2_ws/install/_local_setup_util_sh.py'
[25.310s] INFO:colcon.colcon_core.shell:Creating prefix chain script '/home/ubersmurf/ros2_ws/install/setup.sh'
[25.311s] INFO:colcon.colcon_core.shell:Creating prefix script '/home/ubersmurf/ros2_ws/install/local_setup.bash'
[25.311s] INFO:colcon.colcon_core.shell:Creating prefix chain script '/home/ubersmurf/ros2_ws/install/setup.bash'
[25.312s] INFO:colcon.colcon_core.shell:Creating prefix script '/home/ubersmurf/ros2_ws/install/local_setup.zsh'
[25.312s] INFO:colcon.colcon_core.shell:Creating prefix chain script '/home/ubersmurf/ros2_ws/install/setup.zsh'
