[0.008s] Invoking command in '/home/ubersmurf/ros2_ws/build/streamer': /home/ubersmurf/Qt/Tools/CMake/bin/cmake /home/ubersmurf/ros2_ws/src/streamer -DCMAKE_INSTALL_PREFIX=/home/ubersmurf/ros2_ws/install/streamer
[0.026s] -- Found ament_cmake: 1.3.9 (/opt/ros/humble/share/ament_cmake/cmake)
[0.095s] -- Override CMake install command with custom implementation using symlinks instead of copying resources
[0.107s] -- Found rclcpp: 16.0.9 (/opt/ros/humble/share/rclcpp/cmake)
[0.140s] -- Found rosidl_generator_c: 3.1.5 (/opt/ros/humble/share/rosidl_generator_c/cmake)
[0.142s] -- Found rosidl_adapter: 3.1.5 (/opt/ros/humble/share/rosidl_adapter/cmake)
[0.148s] -- Found rosidl_generator_cpp: 3.1.5 (/opt/ros/humble/share/rosidl_generator_cpp/cmake)
[0.160s] -- Using all available rosidl_typesupport_c: rosidl_typesupport_fastrtps_c;rosidl_typesupport_introspection_c
[0.174s] -- Using all available rosidl_typesupport_cpp: rosidl_typesupport_fastrtps_cpp;rosidl_typesupport_introspection_cpp
[0.230s] -- Found rmw_implementation_cmake: 6.1.2 (/opt/ros/humble/share/rmw_implementation_cmake/cmake)
[0.232s] -- Found rmw_fastrtps_cpp: 6.2.6 (/opt/ros/humble/share/rmw_fastrtps_cpp/cmake)
[0.334s] -- Using RMW implementation 'rmw_fastrtps_cpp' as default
[0.467s] -- Found sensor_msgs: 4.2.4 (/opt/ros/humble/share/sensor_msgs/cmake)
[0.633s] -- Configuring done
[0.648s] -- Generating done
[0.649s] -- Build files have been written to: /home/ubersmurf/ros2_ws/build/streamer
[0.655s] Invoked command in '/home/ubersmurf/ros2_ws/build/streamer' returned '0': /home/ubersmurf/Qt/Tools/CMake/bin/cmake /home/ubersmurf/ros2_ws/src/streamer -DCMAKE_INSTALL_PREFIX=/home/ubersmurf/ros2_ws/install/streamer
[0.655s] Invoking command in '/home/ubersmurf/ros2_ws/build/streamer': /home/ubersmurf/Qt/Tools/CMake/bin/cmake --build /home/ubersmurf/ros2_ws/build/streamer -- -j16 -l16
[0.673s] [35m[1mConsolidate compiler generated dependencies of target cam2image[0m
[0.673s] [35m[1mConsolidate compiler generated dependencies of target showimage[0m
[0.695s] [ 50%] Built target showimage
[0.696s] [100%] Built target cam2image
[0.702s] Invoked command in '/home/ubersmurf/ros2_ws/build/streamer' returned '0': /home/ubersmurf/Qt/Tools/CMake/bin/cmake --build /home/ubersmurf/ros2_ws/build/streamer -- -j16 -l16
[0.729s] Invoking command in '/home/ubersmurf/ros2_ws/build/streamer': /home/ubersmurf/Qt/Tools/CMake/bin/cmake --install /home/ubersmurf/ros2_ws/build/streamer
[0.731s] -- Install configuration: ""
[0.731s] -- Execute custom install script
[0.732s] -- Up-to-date symlink: /home/ubersmurf/ros2_ws/install/streamer/lib/streamer/cam2image
[0.732s] -- Up-to-date symlink: /home/ubersmurf/ros2_ws/install/streamer/lib/streamer/showimage
[0.732s] -- Up-to-date symlink: /home/ubersmurf/ros2_ws/install/streamer/share/ament_index/resource_index/package_run_dependencies/streamer
[0.733s] -- Up-to-date symlink: /home/ubersmurf/ros2_ws/install/streamer/share/ament_index/resource_index/parent_prefix_path/streamer
[0.733s] -- Up-to-date symlink: /home/ubersmurf/ros2_ws/install/streamer/share/streamer/environment/ament_prefix_path.sh
[0.733s] -- Up-to-date symlink: /home/ubersmurf/ros2_ws/install/streamer/share/streamer/environment/ament_prefix_path.dsv
[0.733s] -- Up-to-date symlink: /home/ubersmurf/ros2_ws/install/streamer/share/streamer/environment/path.sh
[0.733s] -- Up-to-date symlink: /home/ubersmurf/ros2_ws/install/streamer/share/streamer/environment/path.dsv
[0.734s] -- Up-to-date symlink: /home/ubersmurf/ros2_ws/install/streamer/share/streamer/local_setup.bash
[0.734s] -- Up-to-date symlink: /home/ubersmurf/ros2_ws/install/streamer/share/streamer/local_setup.sh
[0.734s] -- Up-to-date symlink: /home/ubersmurf/ros2_ws/install/streamer/share/streamer/local_setup.zsh
[0.734s] -- Up-to-date symlink: /home/ubersmurf/ros2_ws/install/streamer/share/streamer/local_setup.dsv
[0.734s] -- Symlinking: /home/ubersmurf/ros2_ws/install/streamer/share/streamer/package.dsv
[0.736s] -- Up-to-date symlink: /home/ubersmurf/ros2_ws/install/streamer/share/ament_index/resource_index/packages/streamer
[0.736s] -- Up-to-date symlink: /home/ubersmurf/ros2_ws/install/streamer/share/streamer/cmake/streamerConfig.cmake
[0.737s] -- Up-to-date symlink: /home/ubersmurf/ros2_ws/install/streamer/share/streamer/cmake/streamerConfig-version.cmake
[0.737s] -- Up-to-date symlink: /home/ubersmurf/ros2_ws/install/streamer/share/streamer/package.xml
[0.738s] Invoked command in '/home/ubersmurf/ros2_ws/build/streamer' returned '0': /home/ubersmurf/Qt/Tools/CMake/bin/cmake --install /home/ubersmurf/ros2_ws/build/streamer
