-- The C compiler identification is GNU 11.4.0
-- The CXX compiler identification is GNU 11.4.0
-- Detecting C compiler ABI info
-- Detecting C compiler ABI info - done
-- Check for working C compiler: /usr/bin/cc - skipped
-- Detecting C compile features
-- Detecting C compile features - done
-- Detecting CXX compiler ABI info
-- Detecting CXX compiler ABI info - done
-- Check for working CXX compiler: /usr/bin/c++ - skipped
-- Detecting CXX compile features
-- Detecting CXX compile features - done
-- Found ament_cmake: 1.3.9 (/opt/ros/humble/share/ament_cmake/cmake)
-- Found Python3: /usr/bin/python3 (found version "3.10.12") found components: Interpreter 
-- Override CMake install command with custom implementation using symlinks instead of copying resources
-- Found rclcpp: 16.0.9 (/opt/ros/humble/share/rclcpp/cmake)
-- Found rosidl_generator_c: 3.1.5 (/opt/ros/humble/share/rosidl_generator_c/cmake)
-- Found rosidl_adapter: 3.1.5 (/opt/ros/humble/share/rosidl_adapter/cmake)
-- Found rosidl_generator_cpp: 3.1.5 (/opt/ros/humble/share/rosidl_generator_cpp/cmake)
-- Using all available rosidl_typesupport_c: rosidl_typesupport_fastrtps_c;rosidl_typesupport_introspection_c
-- Using all available rosidl_typesupport_cpp: rosidl_typesupport_fastrtps_cpp;rosidl_typesupport_introspection_cpp
-- Found rmw_implementation_cmake: 6.1.2 (/opt/ros/humble/share/rmw_implementation_cmake/cmake)
-- Found rmw_fastrtps_cpp: 6.2.6 (/opt/ros/humble/share/rmw_fastrtps_cpp/cmake)
-- Found OpenSSL: /usr/lib/x86_64-linux-gnu/libcrypto.so (found version "3.0.2")  
-- Found FastRTPS: /opt/ros/humble/include  
-- Using RMW implementation 'rmw_fastrtps_cpp' as default
-- Performing Test CMAKE_HAVE_LIBC_PTHREAD
-- Performing Test CMAKE_HAVE_LIBC_PTHREAD - Success
-- Found Threads: TRUE  
-- Found sensor_msgs: 4.2.4 (/opt/ros/humble/share/sensor_msgs/cmake)
-- Found OpenCV: /usr (found version "4.5.4") 
-- Configuring done
-- Generating done
-- Build files have been written to: /home/ubersmurf/ros2_ws/build/streamer
[ 50%] [32mBuilding CXX object CMakeFiles/cam2image.dir/src/cam2image.cpp.o[0m
[ 50%] [32mBuilding CXX object CMakeFiles/showimage.dir/src/showimage.cpp.o[0m
[ 75%] [32m[1mLinking CXX executable showimage[0m
[100%] [32m[1mLinking CXX executable cam2image[0m
[100%] Built target showimage
[100%] Built target cam2image
-- Install configuration: ""
-- Execute custom install script
-- Symlinking: /home/ubersmurf/ros2_ws/install/streamer/lib/streamer/cam2image
-- Symlinking: /home/ubersmurf/ros2_ws/install/streamer/lib/streamer/showimage
-- Symlinking: /home/ubersmurf/ros2_ws/install/streamer/share/ament_index/resource_index/package_run_dependencies/streamer
-- Symlinking: /home/ubersmurf/ros2_ws/install/streamer/share/ament_index/resource_index/parent_prefix_path/streamer
-- Symlinking: /home/ubersmurf/ros2_ws/install/streamer/share/streamer/environment/ament_prefix_path.sh
-- Symlinking: /home/ubersmurf/ros2_ws/install/streamer/share/streamer/environment/ament_prefix_path.dsv
-- Symlinking: /home/ubersmurf/ros2_ws/install/streamer/share/streamer/environment/path.sh
-- Symlinking: /home/ubersmurf/ros2_ws/install/streamer/share/streamer/environment/path.dsv
-- Symlinking: /home/ubersmurf/ros2_ws/install/streamer/share/streamer/local_setup.bash
-- Symlinking: /home/ubersmurf/ros2_ws/install/streamer/share/streamer/local_setup.sh
-- Symlinking: /home/ubersmurf/ros2_ws/install/streamer/share/streamer/local_setup.zsh
-- Symlinking: /home/ubersmurf/ros2_ws/install/streamer/share/streamer/local_setup.dsv
-- Symlinking: /home/ubersmurf/ros2_ws/install/streamer/share/streamer/package.dsv
-- Symlinking: /home/ubersmurf/ros2_ws/install/streamer/share/ament_index/resource_index/packages/streamer
-- Symlinking: /home/ubersmurf/ros2_ws/install/streamer/share/streamer/cmake/streamerConfig.cmake
-- Symlinking: /home/ubersmurf/ros2_ws/install/streamer/share/streamer/cmake/streamerConfig-version.cmake
-- Symlinking: /home/ubersmurf/ros2_ws/install/streamer/share/streamer/package.xml
