[0.007s] Invoking command in '/home/ubersmurf/ros2_ws/build/streamer': CMAKE_PREFIX_PATH=${CMAKE_PREFIX_PATH}:/home/ubersmurf/ros2_ws/install/my_robot_controller /home/ubersmurf/Qt/Tools/CMake/bin/cmake /home/ubersmurf/ros2_ws/src/streamer -DAMENT_CMAKE_SYMLINK_INSTALL=1 -DCMAKE_INSTALL_PREFIX=/home/ubersmurf/ros2_ws/install/streamer
[0.086s] -- The C compiler identification is GNU 11.4.0
[0.153s] -- The CXX compiler identification is GNU 11.4.0
[0.163s] -- Detecting C compiler ABI info
[0.209s] -- Detecting C compiler ABI info - done
[0.215s] -- Check for working C compiler: /usr/bin/cc - skipped
[0.215s] -- Detecting C compile features
[0.215s] -- Detecting C compile features - done
[0.218s] -- Detecting CXX compiler ABI info
[0.273s] -- Detecting CXX compiler ABI info - done
[0.281s] -- Check for working CXX compiler: /usr/bin/c++ - skipped
[0.281s] -- Detecting CXX compile features
[0.281s] -- Detecting CXX compile features - done
[0.289s] -- Found ament_cmake: 1.3.9 (/opt/ros/humble/share/ament_cmake/cmake)
[0.389s] -- Found Python3: /usr/bin/python3 (found version "3.10.12") found components: Interpreter 
[0.437s] -- Override CMake install command with custom implementation using symlinks instead of copying resources
[0.469s] -- Found rclcpp: 16.0.9 (/opt/ros/humble/share/rclcpp/cmake)
[0.516s] -- Found rosidl_generator_c: 3.1.5 (/opt/ros/humble/share/rosidl_generator_c/cmake)
[0.522s] -- Found rosidl_adapter: 3.1.5 (/opt/ros/humble/share/rosidl_adapter/cmake)
[0.531s] -- Found rosidl_generator_cpp: 3.1.5 (/opt/ros/humble/share/rosidl_generator_cpp/cmake)
[0.547s] -- Using all available rosidl_typesupport_c: rosidl_typesupport_fastrtps_c;rosidl_typesupport_introspection_c
[0.566s] -- Using all available rosidl_typesupport_cpp: rosidl_typesupport_fastrtps_cpp;rosidl_typesupport_introspection_cpp
[0.635s] -- Found rmw_implementation_cmake: 6.1.2 (/opt/ros/humble/share/rmw_implementation_cmake/cmake)
[0.638s] -- Found rmw_fastrtps_cpp: 6.2.6 (/opt/ros/humble/share/rmw_fastrtps_cpp/cmake)
[0.745s] -- Found OpenSSL: /usr/lib/x86_64-linux-gnu/libcrypto.so (found version "3.0.2")  
[0.778s] -- Found FastRTPS: /opt/ros/humble/include  
[0.827s] -- Using RMW implementation 'rmw_fastrtps_cpp' as default
[0.848s] -- Performing Test CMAKE_HAVE_LIBC_PTHREAD
[0.923s] -- Performing Test CMAKE_HAVE_LIBC_PTHREAD - Success
[0.926s] -- Found Threads: TRUE  
[1.070s] -- Found sensor_msgs: 4.2.4 (/opt/ros/humble/share/sensor_msgs/cmake)
[1.182s] -- Found OpenCV: /usr (found version "4.5.4") 
[1.235s] -- Configuring done
[1.248s] -- Generating done
[1.249s] -- Build files have been written to: /home/ubersmurf/ros2_ws/build/streamer
[1.256s] Invoked command in '/home/ubersmurf/ros2_ws/build/streamer' returned '0': CMAKE_PREFIX_PATH=${CMAKE_PREFIX_PATH}:/home/ubersmurf/ros2_ws/install/my_robot_controller /home/ubersmurf/Qt/Tools/CMake/bin/cmake /home/ubersmurf/ros2_ws/src/streamer -DAMENT_CMAKE_SYMLINK_INSTALL=1 -DCMAKE_INSTALL_PREFIX=/home/ubersmurf/ros2_ws/install/streamer
[1.258s] Invoking command in '/home/ubersmurf/ros2_ws/build/streamer': CMAKE_PREFIX_PATH=${CMAKE_PREFIX_PATH}:/home/ubersmurf/ros2_ws/install/my_robot_controller /home/ubersmurf/Qt/Tools/CMake/bin/cmake --build /home/ubersmurf/ros2_ws/build/streamer -- -j16 -l16
[1.281s] [ 50%] [32mBuilding CXX object CMakeFiles/cam2image.dir/src/cam2image.cpp.o[0m
[1.281s] [ 50%] [32mBuilding CXX object CMakeFiles/showimage.dir/src/showimage.cpp.o[0m
[12.464s] [ 75%] [32m[1mLinking CXX executable showimage[0m
[13.180s] [100%] [32m[1mLinking CXX executable cam2image[0m
[14.715s] [100%] Built target showimage
[15.044s] [100%] Built target cam2image
[15.057s] Invoked command in '/home/ubersmurf/ros2_ws/build/streamer' returned '0': CMAKE_PREFIX_PATH=${CMAKE_PREFIX_PATH}:/home/ubersmurf/ros2_ws/install/my_robot_controller /home/ubersmurf/Qt/Tools/CMake/bin/cmake --build /home/ubersmurf/ros2_ws/build/streamer -- -j16 -l16
[15.160s] Invoking command in '/home/ubersmurf/ros2_ws/build/streamer': CMAKE_PREFIX_PATH=${CMAKE_PREFIX_PATH}:/home/ubersmurf/ros2_ws/install/my_robot_controller /home/ubersmurf/Qt/Tools/CMake/bin/cmake --install /home/ubersmurf/ros2_ws/build/streamer
[15.169s] -- Install configuration: ""
[15.169s] -- Execute custom install script
[15.173s] -- Symlinking: /home/ubersmurf/ros2_ws/install/streamer/lib/streamer/cam2image
[15.182s] -- Symlinking: /home/ubersmurf/ros2_ws/install/streamer/lib/streamer/showimage
[15.186s] -- Symlinking: /home/ubersmurf/ros2_ws/install/streamer/share/ament_index/resource_index/package_run_dependencies/streamer
[15.194s] -- Symlinking: /home/ubersmurf/ros2_ws/install/streamer/share/ament_index/resource_index/parent_prefix_path/streamer
[15.197s] -- Symlinking: /home/ubersmurf/ros2_ws/install/streamer/share/streamer/environment/ament_prefix_path.sh
[15.206s] -- Symlinking: /home/ubersmurf/ros2_ws/install/streamer/share/streamer/environment/ament_prefix_path.dsv
[15.211s] -- Symlinking: /home/ubersmurf/ros2_ws/install/streamer/share/streamer/environment/path.sh
[15.221s] -- Symlinking: /home/ubersmurf/ros2_ws/install/streamer/share/streamer/environment/path.dsv
[15.225s] -- Symlinking: /home/ubersmurf/ros2_ws/install/streamer/share/streamer/local_setup.bash
[15.229s] -- Symlinking: /home/ubersmurf/ros2_ws/install/streamer/share/streamer/local_setup.sh
[15.235s] -- Symlinking: /home/ubersmurf/ros2_ws/install/streamer/share/streamer/local_setup.zsh
[15.244s] -- Symlinking: /home/ubersmurf/ros2_ws/install/streamer/share/streamer/local_setup.dsv
[15.246s] -- Symlinking: /home/ubersmurf/ros2_ws/install/streamer/share/streamer/package.dsv
[15.252s] -- Symlinking: /home/ubersmurf/ros2_ws/install/streamer/share/ament_index/resource_index/packages/streamer
[15.257s] -- Symlinking: /home/ubersmurf/ros2_ws/install/streamer/share/streamer/cmake/streamerConfig.cmake
[15.263s] -- Symlinking: /home/ubersmurf/ros2_ws/install/streamer/share/streamer/cmake/streamerConfig-version.cmake
[15.267s] -- Symlinking: /home/ubersmurf/ros2_ws/install/streamer/share/streamer/package.xml
[15.276s] Invoked command in '/home/ubersmurf/ros2_ws/build/streamer' returned '0': CMAKE_PREFIX_PATH=${CMAKE_PREFIX_PATH}:/home/ubersmurf/ros2_ws/install/my_robot_controller /home/ubersmurf/Qt/Tools/CMake/bin/cmake --install /home/ubersmurf/ros2_ws/build/streamer
