[0.073s] DEBUG:colcon:Command line arguments: ['/usr/bin/colcon', 'build', '--packages-select', 'micro-ROS-Agent']
[0.073s] DEBUG:colcon:Parsed command line arguments: Namespace(log_base=None, log_level=None, verb_name='build', build_base='build', install_base='install', merge_install=False, symlink_install=False, test_result_base=None, continue_on_error=False, executor='parallel', parallel_workers=16, event_handlers=None, ignore_user_meta=False, metas=['./colcon.meta'], base_paths=['.'], packages_ignore=None, packages_ignore_regex=None, paths=None, packages_up_to=None, packages_up_to_regex=None, packages_above=None, packages_above_and_dependencies=None, packages_above_depth=None, packages_select_by_dep=None, packages_skip_by_dep=None, packages_skip_up_to=None, packages_select_build_failed=False, packages_skip_build_finished=False, packages_select_test_failures=False, packages_skip_test_passed=False, packages_select=['micro-ROS-Agent'], packages_skip=None, packages_select_regex=None, packages_skip_regex=None, packages_start=None, packages_end=None, allow_overriding=[], cmake_args=None, cmake_target=None, cmake_target_skip_unavailable=False, cmake_clean_cache=False, cmake_clean_first=False, cmake_force_configure=False, ament_cmake_args=None, catkin_cmake_args=None, catkin_skip_building_tests=False, mixin_files=None, mixin=None, verb_parser=<colcon_mixin.mixin.mixin_argument.MixinArgumentDecorator object at 0x76393d14f7f0>, verb_extension=<colcon_core.verb.build.BuildVerb object at 0x76393d257e50>, main=<bound method BuildVerb.main of <colcon_core.verb.build.BuildVerb object at 0x76393d257e50>>, mixin_verb=('build',))
[0.214s] Level 1:colcon.colcon_core.package_discovery:discover_packages(colcon_meta) check parameters
[0.214s] Level 1:colcon.colcon_core.package_discovery:discover_packages(recursive) check parameters
[0.214s] Level 1:colcon.colcon_core.package_discovery:discover_packages(ignore) check parameters
[0.214s] Level 1:colcon.colcon_core.package_discovery:discover_packages(path) check parameters
[0.214s] Level 1:colcon.colcon_core.package_discovery:discover_packages(colcon_meta) discover
[0.214s] Level 1:colcon.colcon_core.package_discovery:discover_packages(recursive) discover
[0.214s] INFO:colcon.colcon_core.package_discovery:Crawling recursively for packages in '/home/ubersmurf/ros2_ws'
[0.214s] Level 1:colcon.colcon_core.package_identification:_identify(.) by extensions ['ignore', 'ignore_ament_install']
[0.214s] Level 1:colcon.colcon_core.package_identification:_identify(.) by extension 'ignore'
[0.214s] Level 1:colcon.colcon_core.package_identification:_identify(.) by extension 'ignore_ament_install'
[0.214s] Level 1:colcon.colcon_core.package_identification:_identify(.) by extensions ['colcon_pkg']
[0.214s] Level 1:colcon.colcon_core.package_identification:_identify(.) by extension 'colcon_pkg'
[0.214s] Level 1:colcon.colcon_core.package_identification:_identify(.) by extensions ['colcon_meta']
[0.214s] Level 1:colcon.colcon_core.package_identification:_identify(.) by extension 'colcon_meta'
[0.214s] Level 1:colcon.colcon_core.package_identification:_identify(.) by extensions ['ros']
[0.214s] Level 1:colcon.colcon_core.package_identification:_identify(.) by extension 'ros'
[0.222s] Level 1:colcon.colcon_core.package_identification:_identify(.) by extensions ['cmake', 'python']
[0.222s] Level 1:colcon.colcon_core.package_identification:_identify(.) by extension 'cmake'
[0.222s] Level 1:colcon.colcon_core.package_identification:_identify(.) by extension 'python'
[0.222s] Level 1:colcon.colcon_core.package_identification:_identify(.) by extensions ['python_setup_py']
[0.222s] Level 1:colcon.colcon_core.package_identification:_identify(.) by extension 'python_setup_py'
[0.222s] Level 1:colcon.colcon_core.package_identification:_identify(build) by extensions ['ignore', 'ignore_ament_install']
[0.222s] Level 1:colcon.colcon_core.package_identification:_identify(build) by extension 'ignore'
[0.222s] Level 1:colcon.colcon_core.package_identification:_identify(build) ignored
[0.222s] Level 1:colcon.colcon_core.package_identification:_identify(install) by extensions ['ignore', 'ignore_ament_install']
[0.222s] Level 1:colcon.colcon_core.package_identification:_identify(install) by extension 'ignore'
[0.222s] Level 1:colcon.colcon_core.package_identification:_identify(install) ignored
[0.222s] Level 1:colcon.colcon_core.package_identification:_identify(log) by extensions ['ignore', 'ignore_ament_install']
[0.222s] Level 1:colcon.colcon_core.package_identification:_identify(log) by extension 'ignore'
[0.223s] Level 1:colcon.colcon_core.package_identification:_identify(log) ignored
[0.223s] Level 1:colcon.colcon_core.package_identification:_identify(src) by extensions ['ignore', 'ignore_ament_install']
[0.223s] Level 1:colcon.colcon_core.package_identification:_identify(src) by extension 'ignore'
[0.223s] Level 1:colcon.colcon_core.package_identification:_identify(src) by extension 'ignore_ament_install'
[0.223s] Level 1:colcon.colcon_core.package_identification:_identify(src) by extensions ['colcon_pkg']
[0.223s] Level 1:colcon.colcon_core.package_identification:_identify(src) by extension 'colcon_pkg'
[0.223s] Level 1:colcon.colcon_core.package_identification:_identify(src) by extensions ['colcon_meta']
[0.223s] Level 1:colcon.colcon_core.package_identification:_identify(src) by extension 'colcon_meta'
[0.223s] Level 1:colcon.colcon_core.package_identification:_identify(src) by extensions ['ros']
[0.223s] Level 1:colcon.colcon_core.package_identification:_identify(src) by extension 'ros'
[0.223s] Level 1:colcon.colcon_core.package_identification:_identify(src) by extensions ['cmake', 'python']
[0.223s] Level 1:colcon.colcon_core.package_identification:_identify(src) by extension 'cmake'
[0.223s] Level 1:colcon.colcon_core.package_identification:_identify(src) by extension 'python'
[0.223s] Level 1:colcon.colcon_core.package_identification:_identify(src) by extensions ['python_setup_py']
[0.223s] Level 1:colcon.colcon_core.package_identification:_identify(src) by extension 'python_setup_py'
[0.223s] Level 1:colcon.colcon_core.package_identification:_identify(src/micro-ROS-Agent) by extensions ['ignore', 'ignore_ament_install']
[0.223s] Level 1:colcon.colcon_core.package_identification:_identify(src/micro-ROS-Agent) by extension 'ignore'
[0.223s] Level 1:colcon.colcon_core.package_identification:_identify(src/micro-ROS-Agent) by extension 'ignore_ament_install'
[0.223s] Level 1:colcon.colcon_core.package_identification:_identify(src/micro-ROS-Agent) by extensions ['colcon_pkg']
[0.223s] Level 1:colcon.colcon_core.package_identification:_identify(src/micro-ROS-Agent) by extension 'colcon_pkg'
[0.223s] Level 1:colcon.colcon_core.package_identification:_identify(src/micro-ROS-Agent) by extensions ['colcon_meta']
[0.223s] Level 1:colcon.colcon_core.package_identification:_identify(src/micro-ROS-Agent) by extension 'colcon_meta'
[0.223s] Level 1:colcon.colcon_core.package_identification:_identify(src/micro-ROS-Agent) by extensions ['ros']
[0.223s] Level 1:colcon.colcon_core.package_identification:_identify(src/micro-ROS-Agent) by extension 'ros'
[0.223s] Level 1:colcon.colcon_core.package_identification:_identify(src/micro-ROS-Agent) by extensions ['cmake', 'python']
[0.223s] Level 1:colcon.colcon_core.package_identification:_identify(src/micro-ROS-Agent) by extension 'cmake'
[0.223s] Level 1:colcon.colcon_core.package_identification:_identify(src/micro-ROS-Agent) by extension 'python'
[0.223s] Level 1:colcon.colcon_core.package_identification:_identify(src/micro-ROS-Agent) by extensions ['python_setup_py']
[0.223s] Level 1:colcon.colcon_core.package_identification:_identify(src/micro-ROS-Agent) by extension 'python_setup_py'
[0.223s] Level 1:colcon.colcon_core.package_identification:_identify(src/micro-ROS-Agent/micro_ros_agent) by extensions ['ignore', 'ignore_ament_install']
[0.223s] Level 1:colcon.colcon_core.package_identification:_identify(src/micro-ROS-Agent/micro_ros_agent) by extension 'ignore'
[0.223s] Level 1:colcon.colcon_core.package_identification:_identify(src/micro-ROS-Agent/micro_ros_agent) by extension 'ignore_ament_install'
[0.223s] Level 1:colcon.colcon_core.package_identification:_identify(src/micro-ROS-Agent/micro_ros_agent) by extensions ['colcon_pkg']
[0.223s] Level 1:colcon.colcon_core.package_identification:_identify(src/micro-ROS-Agent/micro_ros_agent) by extension 'colcon_pkg'
[0.223s] Level 1:colcon.colcon_core.package_identification:_identify(src/micro-ROS-Agent/micro_ros_agent) by extensions ['colcon_meta']
[0.223s] Level 1:colcon.colcon_core.package_identification:_identify(src/micro-ROS-Agent/micro_ros_agent) by extension 'colcon_meta'
[0.223s] Level 1:colcon.colcon_core.package_identification:_identify(src/micro-ROS-Agent/micro_ros_agent) by extensions ['ros']
[0.223s] Level 1:colcon.colcon_core.package_identification:_identify(src/micro-ROS-Agent/micro_ros_agent) by extension 'ros'
[0.225s] DEBUG:colcon.colcon_core.package_identification:Package 'src/micro-ROS-Agent/micro_ros_agent' with type 'ros.ament_cmake' and name 'micro_ros_agent'
[0.225s] Level 1:colcon.colcon_core.package_identification:_identify(src/micro-ROS-Agent/snap) by extensions ['ignore', 'ignore_ament_install']
[0.225s] Level 1:colcon.colcon_core.package_identification:_identify(src/micro-ROS-Agent/snap) by extension 'ignore'
[0.225s] Level 1:colcon.colcon_core.package_identification:_identify(src/micro-ROS-Agent/snap) by extension 'ignore_ament_install'
[0.225s] Level 1:colcon.colcon_core.package_identification:_identify(src/micro-ROS-Agent/snap) by extensions ['colcon_pkg']
[0.226s] Level 1:colcon.colcon_core.package_identification:_identify(src/micro-ROS-Agent/snap) by extension 'colcon_pkg'
[0.226s] Level 1:colcon.colcon_core.package_identification:_identify(src/micro-ROS-Agent/snap) by extensions ['colcon_meta']
[0.226s] Level 1:colcon.colcon_core.package_identification:_identify(src/micro-ROS-Agent/snap) by extension 'colcon_meta'
[0.226s] Level 1:colcon.colcon_core.package_identification:_identify(src/micro-ROS-Agent/snap) by extensions ['ros']
[0.226s] Level 1:colcon.colcon_core.package_identification:_identify(src/micro-ROS-Agent/snap) by extension 'ros'
[0.226s] Level 1:colcon.colcon_core.package_identification:_identify(src/micro-ROS-Agent/snap) by extensions ['cmake', 'python']
[0.226s] Level 1:colcon.colcon_core.package_identification:_identify(src/micro-ROS-Agent/snap) by extension 'cmake'
[0.226s] Level 1:colcon.colcon_core.package_identification:_identify(src/micro-ROS-Agent/snap) by extension 'python'
[0.226s] Level 1:colcon.colcon_core.package_identification:_identify(src/micro-ROS-Agent/snap) by extensions ['python_setup_py']
[0.226s] Level 1:colcon.colcon_core.package_identification:_identify(src/micro-ROS-Agent/snap) by extension 'python_setup_py'
[0.226s] Level 1:colcon.colcon_core.package_identification:_identify(src/micro-ROS-Agent/snap/hooks) by extensions ['ignore', 'ignore_ament_install']
[0.226s] Level 1:colcon.colcon_core.package_identification:_identify(src/micro-ROS-Agent/snap/hooks) by extension 'ignore'
[0.226s] Level 1:colcon.colcon_core.package_identification:_identify(src/micro-ROS-Agent/snap/hooks) by extension 'ignore_ament_install'
[0.226s] Level 1:colcon.colcon_core.package_identification:_identify(src/micro-ROS-Agent/snap/hooks) by extensions ['colcon_pkg']
[0.226s] Level 1:colcon.colcon_core.package_identification:_identify(src/micro-ROS-Agent/snap/hooks) by extension 'colcon_pkg'
[0.226s] Level 1:colcon.colcon_core.package_identification:_identify(src/micro-ROS-Agent/snap/hooks) by extensions ['colcon_meta']
[0.226s] Level 1:colcon.colcon_core.package_identification:_identify(src/micro-ROS-Agent/snap/hooks) by extension 'colcon_meta'
[0.226s] Level 1:colcon.colcon_core.package_identification:_identify(src/micro-ROS-Agent/snap/hooks) by extensions ['ros']
[0.226s] Level 1:colcon.colcon_core.package_identification:_identify(src/micro-ROS-Agent/snap/hooks) by extension 'ros'
[0.226s] Level 1:colcon.colcon_core.package_identification:_identify(src/micro-ROS-Agent/snap/hooks) by extensions ['cmake', 'python']
[0.226s] Level 1:colcon.colcon_core.package_identification:_identify(src/micro-ROS-Agent/snap/hooks) by extension 'cmake'
[0.226s] Level 1:colcon.colcon_core.package_identification:_identify(src/micro-ROS-Agent/snap/hooks) by extension 'python'
[0.226s] Level 1:colcon.colcon_core.package_identification:_identify(src/micro-ROS-Agent/snap/hooks) by extensions ['python_setup_py']
[0.226s] Level 1:colcon.colcon_core.package_identification:_identify(src/micro-ROS-Agent/snap/hooks) by extension 'python_setup_py'
[0.226s] Level 1:colcon.colcon_core.package_identification:_identify(src/micro-ROS-Agent/snap/local) by extensions ['ignore', 'ignore_ament_install']
[0.226s] Level 1:colcon.colcon_core.package_identification:_identify(src/micro-ROS-Agent/snap/local) by extension 'ignore'
[0.226s] Level 1:colcon.colcon_core.package_identification:_identify(src/micro-ROS-Agent/snap/local) by extension 'ignore_ament_install'
[0.226s] Level 1:colcon.colcon_core.package_identification:_identify(src/micro-ROS-Agent/snap/local) by extensions ['colcon_pkg']
[0.226s] Level 1:colcon.colcon_core.package_identification:_identify(src/micro-ROS-Agent/snap/local) by extension 'colcon_pkg'
[0.226s] Level 1:colcon.colcon_core.package_identification:_identify(src/micro-ROS-Agent/snap/local) by extensions ['colcon_meta']
[0.226s] Level 1:colcon.colcon_core.package_identification:_identify(src/micro-ROS-Agent/snap/local) by extension 'colcon_meta'
[0.226s] Level 1:colcon.colcon_core.package_identification:_identify(src/micro-ROS-Agent/snap/local) by extensions ['ros']
[0.226s] Level 1:colcon.colcon_core.package_identification:_identify(src/micro-ROS-Agent/snap/local) by extension 'ros'
[0.226s] Level 1:colcon.colcon_core.package_identification:_identify(src/micro-ROS-Agent/snap/local) by extensions ['cmake', 'python']
[0.226s] Level 1:colcon.colcon_core.package_identification:_identify(src/micro-ROS-Agent/snap/local) by extension 'cmake'
[0.226s] Level 1:colcon.colcon_core.package_identification:_identify(src/micro-ROS-Agent/snap/local) by extension 'python'
[0.226s] Level 1:colcon.colcon_core.package_identification:_identify(src/micro-ROS-Agent/snap/local) by extensions ['python_setup_py']
[0.226s] Level 1:colcon.colcon_core.package_identification:_identify(src/micro-ROS-Agent/snap/local) by extension 'python_setup_py'
[0.226s] Level 1:colcon.colcon_core.package_identification:_identify(src/streamer) by extensions ['ignore', 'ignore_ament_install']
[0.227s] Level 1:colcon.colcon_core.package_identification:_identify(src/streamer) by extension 'ignore'
[0.227s] Level 1:colcon.colcon_core.package_identification:_identify(src/streamer) by extension 'ignore_ament_install'
[0.227s] Level 1:colcon.colcon_core.package_identification:_identify(src/streamer) by extensions ['colcon_pkg']
[0.227s] Level 1:colcon.colcon_core.package_identification:_identify(src/streamer) by extension 'colcon_pkg'
[0.227s] Level 1:colcon.colcon_core.package_identification:_identify(src/streamer) by extensions ['colcon_meta']
[0.227s] Level 1:colcon.colcon_core.package_identification:_identify(src/streamer) by extension 'colcon_meta'
[0.227s] Level 1:colcon.colcon_core.package_identification:_identify(src/streamer) by extensions ['ros']
[0.227s] Level 1:colcon.colcon_core.package_identification:_identify(src/streamer) by extension 'ros'
[0.228s] DEBUG:colcon.colcon_core.package_identification:Package 'src/streamer' with type 'ros.ament_cmake' and name 'streamer'
[0.228s] Level 1:colcon.colcon_core.package_discovery:discover_packages(recursive) using defaults
[0.228s] Level 1:colcon.colcon_core.package_discovery:discover_packages(ignore) discover
[0.228s] Level 1:colcon.colcon_core.package_discovery:discover_packages(ignore) using defaults
[0.228s] Level 1:colcon.colcon_core.package_discovery:discover_packages(path) discover
[0.228s] Level 1:colcon.colcon_core.package_discovery:discover_packages(path) using defaults
[0.228s] WARNING:colcon.colcon_core.package_selection:ignoring unknown package 'micro-ROS-Agent' in --packages-select
[0.249s] INFO:colcon.colcon_core.package_selection:Skipping not selected package 'micro_ros_agent' in 'src/micro-ROS-Agent/micro_ros_agent'
[0.249s] INFO:colcon.colcon_core.package_selection:Skipping not selected package 'streamer' in 'src/streamer'
[0.250s] Level 1:colcon.colcon_core.package_discovery:discover_packages(prefix_path) check parameters
[0.250s] Level 1:colcon.colcon_core.package_discovery:discover_packages(prefix_path) discover
[0.251s] WARNING:colcon.colcon_ros.prefix_path.ament:The path '/home/ubersmurf/ros2_ws/install/turt' in the environment variable AMENT_PREFIX_PATH doesn't exist
[0.251s] WARNING:colcon.colcon_ros.prefix_path.ament:The path '/home/ubersmurf/ros2_ws/install/my_robot_controller' in the environment variable AMENT_PREFIX_PATH doesn't exist
[0.251s] WARNING:colcon.colcon_ros.prefix_path.catkin:The path '/home/ubersmurf/ros2_ws/install/turt' in the environment variable CMAKE_PREFIX_PATH doesn't exist
[0.251s] DEBUG:colcon.colcon_installed_package_information.package_discovery:Found 2 installed packages in /home/ubersmurf/ros2_ws/install
[0.253s] DEBUG:colcon.colcon_installed_package_information.package_discovery:Found 326 installed packages in /opt/ros/humble
[0.254s] Level 1:colcon.colcon_core.package_discovery:discover_packages(prefix_path) using defaults
[0.301s] INFO:colcon.colcon_core.executor:Executing jobs using 'parallel' executor
[0.302s] DEBUG:colcon.colcon_parallel_executor.executor.parallel:run_until_complete
[0.302s] DEBUG:colcon.colcon_parallel_executor.executor.parallel:closing loop
[0.302s] DEBUG:colcon.colcon_parallel_executor.executor.parallel:loop closed
[0.302s] DEBUG:colcon.colcon_parallel_executor.executor.parallel:run_until_complete finished with '0'
[0.302s] DEBUG:colcon.colcon_core.event_reactor:joining thread
[0.305s] INFO:colcon.colcon_core.plugin_system:Skipping extension 'colcon_notification.desktop_notification.terminal_notifier': Not used on non-Darwin systems
[0.305s] INFO:colcon.colcon_core.plugin_system:Skipping extension 'colcon_notification.desktop_notification.win32': Not used on non-Windows systems
[0.305s] INFO:colcon.colcon_notification.desktop_notification:Sending desktop notification using 'notify2'
[0.314s] DEBUG:colcon.colcon_core.event_reactor:joined thread
[0.315s] INFO:colcon.colcon_core.plugin_system:Skipping extension 'colcon_core.shell.bat': Not used on non-Windows systems
[0.316s] INFO:colcon.colcon_core.shell:Creating prefix script '/home/ubersmurf/ros2_ws/install/local_setup.ps1'
[0.316s] INFO:colcon.colcon_core.shell:Creating prefix util module '/home/ubersmurf/ros2_ws/install/_local_setup_util_ps1.py'
[0.317s] INFO:colcon.colcon_core.shell:Creating prefix chain script '/home/ubersmurf/ros2_ws/install/setup.ps1'
[0.318s] INFO:colcon.colcon_core.shell:Creating prefix script '/home/ubersmurf/ros2_ws/install/local_setup.sh'
[0.318s] INFO:colcon.colcon_core.shell:Creating prefix util module '/home/ubersmurf/ros2_ws/install/_local_setup_util_sh.py'
[0.318s] INFO:colcon.colcon_core.shell:Creating prefix chain script '/home/ubersmurf/ros2_ws/install/setup.sh'
[0.319s] INFO:colcon.colcon_core.shell:Creating prefix script '/home/ubersmurf/ros2_ws/install/local_setup.bash'
[0.319s] INFO:colcon.colcon_core.shell:Creating prefix chain script '/home/ubersmurf/ros2_ws/install/setup.bash'
[0.320s] INFO:colcon.colcon_core.shell:Creating prefix script '/home/ubersmurf/ros2_ws/install/local_setup.zsh'
[0.320s] INFO:colcon.colcon_core.shell:Creating prefix chain script '/home/ubersmurf/ros2_ws/install/setup.zsh'
